8:04 Kill: 2 5 7: Dono da Bola killed Assasinu Credi by MOD_ROCKET_SPLASH
7:02 Item: 4 weapon_rocketlauncher
7:02 Kill: 1022 3 22: <world> killed Isgalamido by MOD_TRIGGER_HURT
7:02 Item: 5 weapon_shotgun
7:03 Item: 5 ammo_shells
7:03 Kill: 4 2 6: Zeh killed Dono da Bola by MOD_ROCKET
7:08 Item: 4 item_health_large
7:09 Item: 2 weapon_rocketlauncher
7:10 Item: 3 weapon_rocketlauncher
7:11 Item: 4 item_armor_shard
7:11 Item: 4 item_armor_shard
7:11 Item: 4 item_armor_shard
7:11 Item: 4 item_armor_combat
7:12 Kill: 2 5 7: Dono da Bola killed Assasinu Credi by MOD_ROCKET_SPLASH
7:12 Item: 2 weapon_rocketlauncher
7:12 Kill: 4 2 7: Zeh killed Dono da Bola by MOD_ROCKET_SPLASH
7:13 Item: 4 weapon_rocketlauncher
7:14 Item: 4 item_armor_shard
7:14 Item: 4 item_armor_shard
7:14 Item: 4 item_armor_shard
7:16 Item: 2 weapon_rocketlauncher
7:17 Item: 5 weapon_rocketlauncher
7:18 Item: 5 ammo_rockets
7:21 Item: 3 ammo_bullets
7:21 Kill: 2 2 7: Dono da Bola killed Dono da Bola by MOD_ROCKET_SPLASH
7:23 Kill: 4 3 7: Zeh killed Isgalamido by MOD_ROCKET_SPLASH
